<?xml version="1.0" encoding="UTF-8" ?>
<testsuite failures="1" time="0.078" errors="0" skipped="0" tests="1" name="br.eti.kinoshita.Test">
  <properties>
    <property name="java.runtime.name" value="Java(TM) SE Runtime Environment"/>
    <property name="sun.boot.library.path" value="C:\opt\java\jdk1.6.0_17\jre\bin"/>
    <property name="java.vm.version" value="14.3-b01"/>
    <property name="java.vm.vendor" value="Sun Microsystems Inc."/>
    <property name="java.vendor.url" value="http://java.sun.com/"/>
    <property name="path.separator" value=";"/>
    <property name="java.vm.name" value="Java HotSpot(TM) Client VM"/>
    <property name="file.encoding.pkg" value="sun.io"/>
    <property name="user.country" value="BR"/>
    <property name="sun.java.launcher" value="SUN_STANDARD"/>
    <property name="sun.os.patch.level" value="Service Pack 3"/>
    <property name="java.vm.specification.name" value="Java Virtual Machine Specification"/>
    <property name="user.dir" value="C:\dev\java\hudson_workspace\tests"/>
    <property name="java.runtime.version" value="1.6.0_17-b04"/>
    <property name="java.awt.graphicsenv" value="sun.awt.Win32GraphicsEnvironment"/>
    <property name="basedir" value="C:\dev\java\hudson_workspace\tests"/>
    <property name="java.endorsed.dirs" value="C:\opt\java\jdk1.6.0_17\jre\lib\endorsed"/>
    <property name="os.arch" value="x86"/>
    <property name="surefire.real.class.path" value="C:\DOCUME~1\BRUNO~1.KIN\CONFIG~1\Temp\surefirebooter6227909391207684669.jar"/>
    <property name="java.io.tmpdir" value="C:\DOCUME~1\BRUNO~1.KIN\CONFIG~1\Temp\"/>
    <property name="line.separator" value="
"/>
    <property name="java.vm.specification.vendor" value="Sun Microsystems Inc."/>
    <property name="user.variant" value=""/>
    <property name="os.name" value="Windows XP"/>
    <property name="sun.jnu.encoding" value="Cp1252"/>
    <property name="java.library.path" value="C:\opt\java\jdk1.6.0_17\jre\bin;.;C:\WINDOWS\Sun\Java\bin;C:\WINDOWS\system32;C:\WINDOWS;C:/opt/java/jdk1.6.0_17/bin/../jre/bin/client;C:/opt/java/jdk1.6.0_17/bin/../jre/bin;C:/opt/java/jdk1.6.0_17/bin/../jre/lib/i386;C:\Documents and Settings\Bruno.Kinoshita\Configuraâ€¡Ã¤es locais\Dados de aplicativos\Google\Chrome\Application\;C:\Arquivos de programas\Graphviz2.26.3\bin;C:\opt\gnupg;C:\opt\agntctrl.win_ia32-TPTP-4.7.0\\bin\;C:\Arquivos de programas\Subversion\bin;C:\opt\xampp\mysql\bin;C:\GTK\bin;C:\opt\java\jdk1.6.0_17\bin;C:\opt\java\apache-maven-2.2.1\bin;C:\opt\java\apache-ant-1.8.0\bin;c:\usr\bin;c:\usr\local\bin;C:\WINDOWS\system32;C:\WINDOWS;C:\WINDOWS\System32\Wbem;C:\Arquivos de programas\Arquivos comuns\Roxio Shared\DLLShared\;C:\Arquivos de programas\Arquivos comuns\Roxio Shared\9.0\DLLShared\;c:\Arquivos de programas\Microsoft SQL Server\90\Tools\binn\;C:\Arquivos de programas\Subversion\bin;C:\Arquivos de programas\OpenSSH\bin;C:\Arquivos de programas\Git\cmd"/>
    <property name="surefire.test.class.path" value="C:\dev\java\hudson_workspace\tests\target\test-classes;C:\dev\java\hudson_workspace\tests\target\classes;C:\home\bruno\.profile\.m2\repository\junit\junit\4.8.2\junit-4.8.2.jar;"/>
    <property name="java.specification.name" value="Java Platform API Specification"/>
    <property name="java.class.version" value="50.0"/>
    <property name="sun.management.compiler" value="HotSpot Client Compiler"/>
    <property name="os.version" value="5.1"/>
    <property name="user.home" value="C:\home\bruno\.profile"/>
    <property name="user.timezone" value=""/>
    <property name="java.awt.printerjob" value="sun.awt.windows.WPrinterJob"/>
    <property name="java.specification.version" value="1.6"/>
    <property name="file.encoding" value="Cp1252"/>
    <property name="user.name" value="bruno.kinoshita"/>
    <property name="java.class.path" value="C:\dev\java\hudson_workspace\tests\target\test-classes;C:\dev\java\hudson_workspace\tests\target\classes;C:\home\bruno\.profile\.m2\repository\junit\junit\4.8.2\junit-4.8.2.jar;"/>
    <property name="java.vm.specification.version" value="1.0"/>
    <property name="sun.arch.data.model" value="32"/>
    <property name="java.home" value="C:\opt\java\jdk1.6.0_17\jre"/>
    <property name="java.specification.vendor" value="Sun Microsystems Inc."/>
    <property name="user.language" value="pt"/>
    <property name="awt.toolkit" value="sun.awt.windows.WToolkit"/>
    <property name="java.vm.info" value="mixed mode, sharing"/>
    <property name="java.version" value="1.6.0_17"/>
    <property name="java.ext.dirs" value="C:\opt\java\jdk1.6.0_17\jre\lib\ext;C:\WINDOWS\Sun\Java\lib\ext"/>
    <property name="sun.boot.class.path" value="C:\opt\java\jdk1.6.0_17\jre\lib\resources.jar;C:\opt\java\jdk1.6.0_17\jre\lib\rt.jar;C:\opt\java\jdk1.6.0_17\jre\lib\sunrsasign.jar;C:\opt\java\jdk1.6.0_17\jre\lib\jsse.jar;C:\opt\java\jdk1.6.0_17\jre\lib\jce.jar;C:\opt\java\jdk1.6.0_17\jre\lib\charsets.jar;C:\opt\java\jdk1.6.0_17\jre\classes"/>
    <property name="java.vendor" value="Sun Microsystems Inc."/>
    <property name="localRepository" value="C:\home\bruno\.profile\.m2\repository"/>
    <property name="file.separator" value="\"/>
    <property name="java.vendor.url.bug" value="http://java.sun.com/cgi-bin/bugreport.cgi"/>
    <property name="sun.cpu.endian" value="little"/>
    <property name="sun.io.unicode.encoding" value="UnicodeLittle"/>
    <property name="sun.desktop" value="windows"/>
    <property name="sun.cpu.isalist" value="pentium_pro+mmx pentium_pro pentium+mmx pentium i486 i386 i86"/>
  </properties>
  <testcase time="0" classname="br.eti.kinoshita.Test" name="testVoid">
  	<failure type="junit.framework.AssertionFailedError" message="null">junit....</failure>
  </testcase>
</testsuite>